{"contentLength":"-","level":"info","message":"HTTP Access Log","method":"GET","responseTime":42.837,"status":304,"timestamp":"Fri Nov 21 2025 15:35:24 GMT+0530 (India Standard Time)","url":"/api/v1"}
{"contentLength":"-","level":"info","message":"HTTP Access Log","method":"GET","responseTime":47.074,"status":304,"timestamp":"Fri Nov 21 2025 15:36:19 GMT+0530 (India Standard Time)","url":"/api/v1"}
{"contentLength":"-","level":"info","message":"HTTP Access Log","method":"GET","responseTime":5.949,"status":304,"timestamp":"Fri Nov 21 2025 15:36:21 GMT+0530 (India Standard Time)","url":"/api/v1"}
{"contentLength":"139","level":"info","message":"HTTP Access Log","method":"GET","responseTime":6.997,"status":404,"timestamp":"Fri Nov 21 2025 15:36:50 GMT+0530 (India Standard Time)","url":"/"}
{"contentLength":"-","level":"info","message":"HTTP Access Log","method":"GET","responseTime":22.497,"status":304,"timestamp":"Fri Nov 21 2025 15:36:54 GMT+0530 (India Standard Time)","url":"/api/v1"}
{"contentLength":"-","level":"info","message":"HTTP Access Log","method":"GET","responseTime":129.818,"status":304,"timestamp":"Fri Nov 21 2025 15:38:49 GMT+0530 (India Standard Time)","url":"/api/v1"}
{"contentLength":"-","level":"info","message":"HTTP Access Log","method":"GET","responseTime":10.739,"status":304,"timestamp":"Fri Nov 21 2025 15:38:49 GMT+0530 (India Standard Time)","url":"/api/v1"}
{"contentLength":"-","level":"info","message":"HTTP Access Log","method":"GET","responseTime":5.013,"status":304,"timestamp":"Fri Nov 21 2025 15:38:49 GMT+0530 (India Standard Time)","url":"/api/v1"}
{"contentLength":"-","level":"info","message":"HTTP Access Log","method":"GET","responseTime":91.579,"status":304,"timestamp":"Fri Nov 21 2025 15:39:08 GMT+0530 (India Standard Time)","url":"/api/v1"}
{"contentLength":"-","level":"info","message":"HTTP Access Log","method":"GET","responseTime":10.363,"status":304,"timestamp":"Fri Nov 21 2025 15:39:08 GMT+0530 (India Standard Time)","url":"/api/v1"}
{"contentLength":"-","level":"info","message":"HTTP Access Log","method":"GET","responseTime":32.402,"status":304,"timestamp":"Fri Nov 21 2025 15:39:15 GMT+0530 (India Standard Time)","url":"/api/v1"}
{"contentLength":"-","level":"info","message":"HTTP Access Log","method":"GET","responseTime":8.918,"status":304,"timestamp":"Fri Nov 21 2025 15:39:15 GMT+0530 (India Standard Time)","url":"/api/v1"}
{"contentLength":"-","level":"info","message":"HTTP Access Log","method":"GET","responseTime":5.848,"status":304,"timestamp":"Fri Nov 21 2025 15:39:16 GMT+0530 (India Standard Time)","url":"/api/v1"}
{"contentLength":"-","level":"info","message":"HTTP Access Log","method":"GET","responseTime":3.341,"status":304,"timestamp":"Fri Nov 21 2025 15:39:16 GMT+0530 (India Standard Time)","url":"/api/v1"}
{"contentLength":"-","level":"info","message":"HTTP Access Log","method":"GET","responseTime":32.942,"status":304,"timestamp":"Fri Nov 21 2025 15:40:00 GMT+0530 (India Standard Time)","url":"/api/v1"}
{"contentLength":"-","level":"info","message":"HTTP Access Log","method":"GET","responseTime":5.596,"status":304,"timestamp":"Fri Nov 21 2025 15:40:02 GMT+0530 (India Standard Time)","url":"/api/v1"}
{"contentLength":"-","level":"info","message":"HTTP Access Log","method":"GET","responseTime":35.72,"status":304,"timestamp":"Fri Nov 21 2025 15:40:13 GMT+0530 (India Standard Time)","url":"/api/v1"}
{"contentLength":"1369","level":"info","message":"HTTP Access Log","method":"GET","responseTime":21.825,"status":200,"timestamp":"Fri Nov 21 2025 15:40:16 GMT+0530 (India Standard Time)","url":"/"}
{"contentLength":"-","level":"info","message":"HTTP Access Log","method":"GET","responseTime":7.03,"status":200,"timestamp":"Fri Nov 21 2025 15:40:16 GMT+0530 (India Standard Time)","url":"/styles.css"}
{"contentLength":"0","level":"info","message":"HTTP Access Log","method":"GET","responseTime":12.363,"status":200,"timestamp":"Fri Nov 21 2025 15:40:23 GMT+0530 (India Standard Time)","url":"/links/list"}
{"contentLength":"-","level":"info","message":"HTTP Access Log","method":"GET","responseTime":2.108,"status":304,"timestamp":"Fri Nov 21 2025 15:40:26 GMT+0530 (India Standard Time)","url":"/"}
{"contentLength":"-","level":"info","message":"HTTP Access Log","method":"GET","responseTime":0.743,"status":304,"timestamp":"Fri Nov 21 2025 15:40:26 GMT+0530 (India Standard Time)","url":"/styles.css"}
{"contentLength":"-","level":"info","message":"HTTP Access Log","method":"GET","responseTime":13.176,"status":304,"timestamp":"Fri Nov 21 2025 15:40:41 GMT+0530 (India Standard Time)","url":"/"}
{"contentLength":"-","level":"info","message":"HTTP Access Log","method":"GET","responseTime":3.869,"status":304,"timestamp":"Fri Nov 21 2025 15:40:41 GMT+0530 (India Standard Time)","url":"/styles.css"}
{"contentLength":"149","level":"info","message":"HTTP Access Log","method":"GET","responseTime":5.157,"status":404,"timestamp":"Fri Nov 21 2025 15:40:42 GMT+0530 (India Standard Time)","url":"/links/list"}
{"contentLength":"0","level":"info","message":"HTTP Access Log","method":"GET","responseTime":137.827,"status":200,"timestamp":"Fri Nov 21 2025 15:41:20 GMT+0530 (India Standard Time)","url":"/links/list"}
{"contentLength":"-","level":"info","message":"HTTP Access Log","method":"GET","responseTime":151.469,"status":304,"timestamp":"Fri Nov 21 2025 15:42:34 GMT+0530 (India Standard Time)","url":"/links/list"}
{"contentLength":"1378","level":"info","message":"HTTP Access Log","method":"GET","responseTime":8.585,"status":200,"timestamp":"Fri Nov 21 2025 15:42:36 GMT+0530 (India Standard Time)","url":"/"}
{"contentLength":"813","level":"info","message":"HTTP Access Log","method":"GET","responseTime":3.601,"status":200,"timestamp":"Fri Nov 21 2025 15:42:36 GMT+0530 (India Standard Time)","url":"/styles.css"}
{"contentLength":"-","level":"info","message":"HTTP Access Log","method":"GET","responseTime":111.925,"status":304,"timestamp":"Fri Nov 21 2025 15:42:47 GMT+0530 (India Standard Time)","url":"/links/list"}
{"contentLength":"1390","level":"info","message":"HTTP Access Log","method":"GET","responseTime":6.012,"status":200,"timestamp":"Fri Nov 21 2025 15:43:31 GMT+0530 (India Standard Time)","url":"/"}
{"contentLength":"-","level":"info","message":"HTTP Access Log","method":"GET","responseTime":1.385,"status":304,"timestamp":"Fri Nov 21 2025 15:43:31 GMT+0530 (India Standard Time)","url":"/styles.css"}
{"contentLength":"1383","level":"info","message":"HTTP Access Log","method":"GET","responseTime":4.003,"status":200,"timestamp":"Fri Nov 21 2025 15:44:06 GMT+0530 (India Standard Time)","url":"/"}
{"contentLength":"-","level":"info","message":"HTTP Access Log","method":"GET","responseTime":0.883,"status":304,"timestamp":"Fri Nov 21 2025 15:44:06 GMT+0530 (India Standard Time)","url":"/styles.css"}
{"contentLength":"-","level":"info","message":"HTTP Access Log","method":"GET","responseTime":151.659,"status":304,"timestamp":"Fri Nov 21 2025 15:44:07 GMT+0530 (India Standard Time)","url":"/links/list"}
{"contentLength":"187","level":"info","message":"HTTP Access Log","method":"GET","responseTime":1.489,"status":404,"timestamp":"Fri Nov 21 2025 15:44:10 GMT+0530 (India Standard Time)","url":"/.well-known/appspecific/com.chrome.devtools.json"}
{"contentLength":"-","level":"info","message":"HTTP Access Log","method":"GET","responseTime":4.065,"status":304,"timestamp":"Fri Nov 21 2025 15:44:13 GMT+0530 (India Standard Time)","url":"/links/list"}
{"contentLength":"187","level":"info","message":"HTTP Access Log","method":"GET","responseTime":0.651,"status":404,"timestamp":"Fri Nov 21 2025 15:44:13 GMT+0530 (India Standard Time)","url":"/.well-known/appspecific/com.chrome.devtools.json"}
{"contentLength":"-","level":"info","message":"HTTP Access Log","method":"GET","responseTime":126.754,"status":304,"timestamp":"Fri Nov 21 2025 15:44:50 GMT+0530 (India Standard Time)","url":"/links/list"}
{"contentLength":"187","level":"info","message":"HTTP Access Log","method":"GET","responseTime":4.824,"status":404,"timestamp":"Fri Nov 21 2025 15:44:50 GMT+0530 (India Standard Time)","url":"/.well-known/appspecific/com.chrome.devtools.json"}
{"contentLength":"-","level":"info","message":"HTTP Access Log","method":"GET","responseTime":6.394,"status":304,"timestamp":"Fri Nov 21 2025 15:44:56 GMT+0530 (India Standard Time)","url":"/"}
{"contentLength":"-","level":"info","message":"HTTP Access Log","method":"GET","responseTime":2.93,"status":304,"timestamp":"Fri Nov 21 2025 15:44:56 GMT+0530 (India Standard Time)","url":"/styles.css"}
{"contentLength":"-","level":"info","message":"HTTP Access Log","method":"GET","responseTime":17.394,"status":304,"timestamp":"Fri Nov 21 2025 15:47:00 GMT+0530 (India Standard Time)","url":"/"}
{"contentLength":"-","level":"info","message":"HTTP Access Log","method":"GET","responseTime":1.99,"status":304,"timestamp":"Fri Nov 21 2025 15:47:00 GMT+0530 (India Standard Time)","url":"/styles.css"}
{"contentLength":"1088","level":"info","message":"HTTP Access Log","method":"GET","responseTime":137.045,"status":500,"timestamp":"Fri Nov 21 2025 15:47:01 GMT+0530 (India Standard Time)","url":"/links/list"}
{"contentLength":"-","level":"info","message":"HTTP Access Log","method":"GET","responseTime":4.542,"status":304,"timestamp":"Fri Nov 21 2025 15:47:05 GMT+0530 (India Standard Time)","url":"/"}
{"contentLength":"-","level":"info","message":"HTTP Access Log","method":"GET","responseTime":0.664,"status":304,"timestamp":"Fri Nov 21 2025 15:47:05 GMT+0530 (India Standard Time)","url":"/styles.css"}
{"contentLength":"-","level":"info","message":"HTTP Access Log","method":"GET","responseTime":5.973,"status":304,"timestamp":"Fri Nov 21 2025 15:47:18 GMT+0530 (India Standard Time)","url":"/"}
{"contentLength":"-","level":"info","message":"HTTP Access Log","method":"GET","responseTime":0.335,"status":304,"timestamp":"Fri Nov 21 2025 15:47:18 GMT+0530 (India Standard Time)","url":"/styles.css"}
{"contentLength":"1088","level":"info","message":"HTTP Access Log","method":"GET","responseTime":91.236,"status":500,"timestamp":"Fri Nov 21 2025 15:47:20 GMT+0530 (India Standard Time)","url":"/links/list"}
{"contentLength":"1088","level":"info","message":"HTTP Access Log","method":"GET","responseTime":9.54,"status":500,"timestamp":"Fri Nov 21 2025 15:47:21 GMT+0530 (India Standard Time)","url":"/links/list"}
{"contentLength":"1088","level":"info","message":"HTTP Access Log","method":"GET","responseTime":6.596,"status":500,"timestamp":"Fri Nov 21 2025 15:47:21 GMT+0530 (India Standard Time)","url":"/links/list"}
{"contentLength":"1088","level":"info","message":"HTTP Access Log","method":"GET","responseTime":6.477,"status":500,"timestamp":"Fri Nov 21 2025 15:47:22 GMT+0530 (India Standard Time)","url":"/links/list"}
{"contentLength":"1088","level":"info","message":"HTTP Access Log","method":"GET","responseTime":98.391,"status":500,"timestamp":"Fri Nov 21 2025 15:47:54 GMT+0530 (India Standard Time)","url":"/links/list"}
{"contentLength":"1088","level":"info","message":"HTTP Access Log","method":"GET","responseTime":8.187,"status":500,"timestamp":"Fri Nov 21 2025 15:47:55 GMT+0530 (India Standard Time)","url":"/links/list"}
{"contentLength":"-","level":"info","message":"HTTP Access Log","method":"GET","responseTime":3.384,"status":304,"timestamp":"Fri Nov 21 2025 15:48:09 GMT+0530 (India Standard Time)","url":"/"}
{"contentLength":"-","level":"info","message":"HTTP Access Log","method":"GET","responseTime":0.398,"status":304,"timestamp":"Fri Nov 21 2025 15:48:09 GMT+0530 (India Standard Time)","url":"/styles.css"}
{"contentLength":"-","level":"info","message":"HTTP Access Log","method":"GET","responseTime":2.788,"status":304,"timestamp":"Fri Nov 21 2025 15:48:10 GMT+0530 (India Standard Time)","url":"/"}
{"contentLength":"-","level":"info","message":"HTTP Access Log","method":"GET","responseTime":0.531,"status":304,"timestamp":"Fri Nov 21 2025 15:48:10 GMT+0530 (India Standard Time)","url":"/styles.css"}
{"contentLength":"1392","level":"info","message":"HTTP Access Log","method":"GET","responseTime":3.939,"status":200,"timestamp":"Fri Nov 21 2025 15:49:38 GMT+0530 (India Standard Time)","url":"/"}
{"contentLength":"156","level":"info","message":"HTTP Access Log","method":"GET","responseTime":1.411,"status":404,"timestamp":"Fri Nov 21 2025 15:49:38 GMT+0530 (India Standard Time)","url":"/public/styles.css"}
{"contentLength":"-","level":"info","message":"HTTP Access Log","method":"GET","responseTime":2.128,"status":304,"timestamp":"Fri Nov 21 2025 15:49:38 GMT+0530 (India Standard Time)","url":"/"}
{"contentLength":"156","level":"info","message":"HTTP Access Log","method":"GET","responseTime":0.675,"status":404,"timestamp":"Fri Nov 21 2025 15:49:38 GMT+0530 (India Standard Time)","url":"/public/styles.css"}
{"contentLength":"-","level":"info","message":"HTTP Access Log","method":"GET","responseTime":5.716,"status":304,"timestamp":"Fri Nov 21 2025 15:49:39 GMT+0530 (India Standard Time)","url":"/"}
{"contentLength":"156","level":"info","message":"HTTP Access Log","method":"GET","responseTime":1.136,"status":404,"timestamp":"Fri Nov 21 2025 15:49:39 GMT+0530 (India Standard Time)","url":"/public/styles.css"}
{"contentLength":"-","level":"info","message":"HTTP Access Log","method":"GET","responseTime":3.038,"status":304,"timestamp":"Fri Nov 21 2025 15:49:39 GMT+0530 (India Standard Time)","url":"/"}
{"contentLength":"156","level":"info","message":"HTTP Access Log","method":"GET","responseTime":0.555,"status":404,"timestamp":"Fri Nov 21 2025 15:49:39 GMT+0530 (India Standard Time)","url":"/public/styles.css"}
{"contentLength":"-","level":"info","message":"HTTP Access Log","method":"GET","responseTime":1.438,"status":304,"timestamp":"Fri Nov 21 2025 15:49:39 GMT+0530 (India Standard Time)","url":"/"}
{"contentLength":"156","level":"info","message":"HTTP Access Log","method":"GET","responseTime":1.655,"status":404,"timestamp":"Fri Nov 21 2025 15:49:39 GMT+0530 (India Standard Time)","url":"/public/styles.css"}
{"contentLength":"-","level":"info","message":"HTTP Access Log","method":"GET","responseTime":2.479,"status":304,"timestamp":"Fri Nov 21 2025 15:49:40 GMT+0530 (India Standard Time)","url":"/"}
{"contentLength":"156","level":"info","message":"HTTP Access Log","method":"GET","responseTime":1.079,"status":404,"timestamp":"Fri Nov 21 2025 15:49:40 GMT+0530 (India Standard Time)","url":"/public/styles.css"}
{"contentLength":"-","level":"info","message":"HTTP Access Log","method":"GET","responseTime":2.801,"status":304,"timestamp":"Fri Nov 21 2025 15:49:40 GMT+0530 (India Standard Time)","url":"/"}
{"contentLength":"156","level":"info","message":"HTTP Access Log","method":"GET","responseTime":1.066,"status":404,"timestamp":"Fri Nov 21 2025 15:49:40 GMT+0530 (India Standard Time)","url":"/public/styles.css"}
{"contentLength":"-","level":"info","message":"HTTP Access Log","method":"GET","responseTime":1.902,"status":304,"timestamp":"Fri Nov 21 2025 15:49:40 GMT+0530 (India Standard Time)","url":"/"}
{"contentLength":"156","level":"info","message":"HTTP Access Log","method":"GET","responseTime":2.451,"status":404,"timestamp":"Fri Nov 21 2025 15:49:40 GMT+0530 (India Standard Time)","url":"/public/styles.css"}
{"contentLength":"-","level":"info","message":"HTTP Access Log","method":"GET","responseTime":2.763,"status":304,"timestamp":"Fri Nov 21 2025 15:49:40 GMT+0530 (India Standard Time)","url":"/"}
{"contentLength":"156","level":"info","message":"HTTP Access Log","method":"GET","responseTime":2.654,"status":404,"timestamp":"Fri Nov 21 2025 15:49:40 GMT+0530 (India Standard Time)","url":"/public/styles.css"}
{"contentLength":"-","level":"info","message":"HTTP Access Log","method":"GET","responseTime":2.603,"status":304,"timestamp":"Fri Nov 21 2025 15:49:41 GMT+0530 (India Standard Time)","url":"/"}
{"contentLength":"156","level":"info","message":"HTTP Access Log","method":"GET","responseTime":1.356,"status":404,"timestamp":"Fri Nov 21 2025 15:49:41 GMT+0530 (India Standard Time)","url":"/public/styles.css"}
{"contentLength":"1384","level":"info","message":"HTTP Access Log","method":"GET","responseTime":3.24,"status":200,"timestamp":"Fri Nov 21 2025 15:49:51 GMT+0530 (India Standard Time)","url":"/"}
{"contentLength":"-","level":"info","message":"HTTP Access Log","method":"GET","responseTime":0.774,"status":304,"timestamp":"Fri Nov 21 2025 15:49:51 GMT+0530 (India Standard Time)","url":"/styles.css"}
{"contentLength":"1392","level":"info","message":"HTTP Access Log","method":"GET","responseTime":3.614,"status":200,"timestamp":"Fri Nov 21 2025 15:50:10 GMT+0530 (India Standard Time)","url":"/"}
{"contentLength":"156","level":"info","message":"HTTP Access Log","method":"GET","responseTime":1.618,"status":404,"timestamp":"Fri Nov 21 2025 15:50:10 GMT+0530 (India Standard Time)","url":"/public/styles.css"}
{"contentLength":"-","level":"info","message":"HTTP Access Log","method":"GET","responseTime":2.186,"status":304,"timestamp":"Fri Nov 21 2025 15:50:11 GMT+0530 (India Standard Time)","url":"/"}
{"contentLength":"156","level":"info","message":"HTTP Access Log","method":"GET","responseTime":0.802,"status":404,"timestamp":"Fri Nov 21 2025 15:50:11 GMT+0530 (India Standard Time)","url":"/public/styles.css"}
{"contentLength":"-","level":"info","message":"HTTP Access Log","method":"GET","responseTime":1.989,"status":304,"timestamp":"Fri Nov 21 2025 15:50:11 GMT+0530 (India Standard Time)","url":"/"}
{"contentLength":"156","level":"info","message":"HTTP Access Log","method":"GET","responseTime":1.423,"status":404,"timestamp":"Fri Nov 21 2025 15:50:11 GMT+0530 (India Standard Time)","url":"/public/styles.css"}
{"contentLength":"-","level":"info","message":"HTTP Access Log","method":"GET","responseTime":1.849,"status":304,"timestamp":"Fri Nov 21 2025 15:50:11 GMT+0530 (India Standard Time)","url":"/"}
{"contentLength":"156","level":"info","message":"HTTP Access Log","method":"GET","responseTime":1.156,"status":404,"timestamp":"Fri Nov 21 2025 15:50:11 GMT+0530 (India Standard Time)","url":"/public/styles.css"}
{"contentLength":"-","level":"info","message":"HTTP Access Log","method":"GET","responseTime":2.854,"status":304,"timestamp":"Fri Nov 21 2025 15:50:11 GMT+0530 (India Standard Time)","url":"/"}
{"contentLength":"156","level":"info","message":"HTTP Access Log","method":"GET","responseTime":1.563,"status":404,"timestamp":"Fri Nov 21 2025 15:50:11 GMT+0530 (India Standard Time)","url":"/public/styles.css"}
{"contentLength":"1384","level":"info","message":"HTTP Access Log","method":"GET","responseTime":5.114,"status":200,"timestamp":"Fri Nov 21 2025 15:50:17 GMT+0530 (India Standard Time)","url":"/"}
{"contentLength":"-","level":"info","message":"HTTP Access Log","method":"GET","responseTime":1.066,"status":304,"timestamp":"Fri Nov 21 2025 15:50:17 GMT+0530 (India Standard Time)","url":"/styles.css"}
{"contentLength":"1088","level":"info","message":"HTTP Access Log","method":"GET","responseTime":89.804,"status":500,"timestamp":"Fri Nov 21 2025 15:50:22 GMT+0530 (India Standard Time)","url":"/links/list"}
{"contentLength":"1523","level":"info","message":"HTTP Access Log","method":"GET","responseTime":87.257,"status":500,"timestamp":"Fri Nov 21 2025 15:51:05 GMT+0530 (India Standard Time)","url":"/links/list"}
{"contentLength":"1523","level":"info","message":"HTTP Access Log","method":"GET","responseTime":3.405,"status":500,"timestamp":"Fri Nov 21 2025 15:51:07 GMT+0530 (India Standard Time)","url":"/links/list"}
{"contentLength":"1298","level":"info","message":"HTTP Access Log","method":"GET","responseTime":113.352,"status":500,"timestamp":"Fri Nov 21 2025 15:52:06 GMT+0530 (India Standard Time)","url":"/links/list"}
{"contentLength":"-","level":"info","message":"HTTP Access Log","method":"GET","responseTime":25.339,"status":304,"timestamp":"Fri Nov 21 2025 15:53:45 GMT+0530 (India Standard Time)","url":"/"}
{"contentLength":"-","level":"info","message":"HTTP Access Log","method":"GET","responseTime":4.147,"status":304,"timestamp":"Fri Nov 21 2025 15:53:45 GMT+0530 (India Standard Time)","url":"/styles.css"}
{"contentLength":"4363","level":"info","message":"HTTP Access Log","method":"GET","responseTime":135.656,"status":200,"timestamp":"Fri Nov 21 2025 15:53:48 GMT+0530 (India Standard Time)","url":"/links/list"}
{"contentLength":"155","level":"info","message":"HTTP Access Log","method":"GET","responseTime":6.35,"status":404,"timestamp":"Fri Nov 21 2025 15:53:48 GMT+0530 (India Standard Time)","url":"/links/styles.css"}
{"contentLength":"-","level":"info","message":"HTTP Access Log","method":"GET","responseTime":11.024,"status":304,"timestamp":"Fri Nov 21 2025 15:53:50 GMT+0530 (India Standard Time)","url":"/links/list"}
{"contentLength":"155","level":"info","message":"HTTP Access Log","method":"GET","responseTime":1.427,"status":404,"timestamp":"Fri Nov 21 2025 15:53:50 GMT+0530 (India Standard Time)","url":"/links/styles.css"}
{"contentLength":"-","level":"info","message":"HTTP Access Log","method":"GET","responseTime":8.229,"status":304,"timestamp":"Fri Nov 21 2025 15:53:51 GMT+0530 (India Standard Time)","url":"/links/list"}
{"contentLength":"155","level":"info","message":"HTTP Access Log","method":"GET","responseTime":0.461,"status":404,"timestamp":"Fri Nov 21 2025 15:53:51 GMT+0530 (India Standard Time)","url":"/links/styles.css"}
{"contentLength":"4371","level":"info","message":"HTTP Access Log","method":"GET","responseTime":133.279,"status":200,"timestamp":"Fri Nov 21 2025 15:54:05 GMT+0530 (India Standard Time)","url":"/links/list"}
{"contentLength":"156","level":"info","message":"HTTP Access Log","method":"GET","responseTime":1.4,"status":404,"timestamp":"Fri Nov 21 2025 15:54:05 GMT+0530 (India Standard Time)","url":"/public/styles.css"}
{"contentLength":"-","level":"info","message":"HTTP Access Log","method":"GET","responseTime":8.333,"status":304,"timestamp":"Fri Nov 21 2025 15:54:06 GMT+0530 (India Standard Time)","url":"/links/list"}
{"contentLength":"156","level":"info","message":"HTTP Access Log","method":"GET","responseTime":1.228,"status":404,"timestamp":"Fri Nov 21 2025 15:54:06 GMT+0530 (India Standard Time)","url":"/public/styles.css"}
{"contentLength":"-","level":"info","message":"HTTP Access Log","method":"GET","responseTime":10.881,"status":304,"timestamp":"Fri Nov 21 2025 15:54:06 GMT+0530 (India Standard Time)","url":"/links/list"}
{"contentLength":"156","level":"info","message":"HTTP Access Log","method":"GET","responseTime":0.584,"status":404,"timestamp":"Fri Nov 21 2025 15:54:06 GMT+0530 (India Standard Time)","url":"/public/styles.css"}
{"contentLength":"-","level":"info","message":"HTTP Access Log","method":"GET","responseTime":6.57,"status":304,"timestamp":"Fri Nov 21 2025 15:54:06 GMT+0530 (India Standard Time)","url":"/links/list"}
{"contentLength":"156","level":"info","message":"HTTP Access Log","method":"GET","responseTime":1.402,"status":404,"timestamp":"Fri Nov 21 2025 15:54:06 GMT+0530 (India Standard Time)","url":"/public/styles.css"}
{"contentLength":"-","level":"info","message":"HTTP Access Log","method":"GET","responseTime":5.935,"status":304,"timestamp":"Fri Nov 21 2025 15:54:07 GMT+0530 (India Standard Time)","url":"/links/list"}
{"contentLength":"156","level":"info","message":"HTTP Access Log","method":"GET","responseTime":0.576,"status":404,"timestamp":"Fri Nov 21 2025 15:54:07 GMT+0530 (India Standard Time)","url":"/public/styles.css"}
{"contentLength":"4370","level":"info","message":"HTTP Access Log","method":"GET","responseTime":149.866,"status":200,"timestamp":"Fri Nov 21 2025 15:54:32 GMT+0530 (India Standard Time)","url":"/links/list"}
{"contentLength":"162","level":"info","message":"HTTP Access Log","method":"GET","responseTime":0.702,"status":404,"timestamp":"Fri Nov 21 2025 15:54:32 GMT+0530 (India Standard Time)","url":"/links/public/styles.css"}
{"contentLength":"-","level":"info","message":"HTTP Access Log","method":"GET","responseTime":7.412,"status":304,"timestamp":"Fri Nov 21 2025 15:54:32 GMT+0530 (India Standard Time)","url":"/links/list"}
{"contentLength":"162","level":"info","message":"HTTP Access Log","method":"GET","responseTime":1.12,"status":404,"timestamp":"Fri Nov 21 2025 15:54:32 GMT+0530 (India Standard Time)","url":"/links/public/styles.css"}
{"contentLength":"-","level":"info","message":"HTTP Access Log","method":"GET","responseTime":8.038,"status":304,"timestamp":"Fri Nov 21 2025 15:54:33 GMT+0530 (India Standard Time)","url":"/links/list"}
{"contentLength":"162","level":"info","message":"HTTP Access Log","method":"GET","responseTime":0.451,"status":404,"timestamp":"Fri Nov 21 2025 15:54:33 GMT+0530 (India Standard Time)","url":"/links/public/styles.css"}
{"contentLength":"-","level":"info","message":"HTTP Access Log","method":"GET","responseTime":6.201,"status":304,"timestamp":"Fri Nov 21 2025 15:54:33 GMT+0530 (India Standard Time)","url":"/links/list"}
{"contentLength":"162","level":"info","message":"HTTP Access Log","method":"GET","responseTime":0.543,"status":404,"timestamp":"Fri Nov 21 2025 15:54:33 GMT+0530 (India Standard Time)","url":"/links/public/styles.css"}
{"contentLength":"-","level":"info","message":"HTTP Access Log","method":"GET","responseTime":6.906,"status":304,"timestamp":"Fri Nov 21 2025 15:54:33 GMT+0530 (India Standard Time)","url":"/links/list"}
{"contentLength":"162","level":"info","message":"HTTP Access Log","method":"GET","responseTime":1.207,"status":404,"timestamp":"Fri Nov 21 2025 15:54:33 GMT+0530 (India Standard Time)","url":"/links/public/styles.css"}
{"contentLength":"-","level":"info","message":"HTTP Access Log","method":"GET","responseTime":3.749,"status":304,"timestamp":"Fri Nov 21 2025 15:54:33 GMT+0530 (India Standard Time)","url":"/links/list"}
{"contentLength":"162","level":"info","message":"HTTP Access Log","method":"GET","responseTime":0.668,"status":404,"timestamp":"Fri Nov 21 2025 15:54:33 GMT+0530 (India Standard Time)","url":"/links/public/styles.css"}
{"contentLength":"-","level":"info","message":"HTTP Access Log","method":"GET","responseTime":7.771,"status":304,"timestamp":"Fri Nov 21 2025 15:54:38 GMT+0530 (India Standard Time)","url":"/links/list"}
{"contentLength":"162","level":"info","message":"HTTP Access Log","method":"GET","responseTime":0.424,"status":404,"timestamp":"Fri Nov 21 2025 15:54:38 GMT+0530 (India Standard Time)","url":"/links/public/styles.css"}
{"contentLength":"-","level":"info","message":"HTTP Access Log","method":"GET","responseTime":4.672,"status":304,"timestamp":"Fri Nov 21 2025 15:54:39 GMT+0530 (India Standard Time)","url":"/links/list"}
{"contentLength":"162","level":"info","message":"HTTP Access Log","method":"GET","responseTime":0.665,"status":404,"timestamp":"Fri Nov 21 2025 15:54:39 GMT+0530 (India Standard Time)","url":"/links/public/styles.css"}
{"contentLength":"-","level":"info","message":"HTTP Access Log","method":"GET","responseTime":5.072,"status":304,"timestamp":"Fri Nov 21 2025 15:54:39 GMT+0530 (India Standard Time)","url":"/links/list"}
{"contentLength":"162","level":"info","message":"HTTP Access Log","method":"GET","responseTime":1.21,"status":404,"timestamp":"Fri Nov 21 2025 15:54:39 GMT+0530 (India Standard Time)","url":"/links/public/styles.css"}
{"contentLength":"4487","level":"info","message":"HTTP Access Log","method":"GET","responseTime":95.369,"status":200,"timestamp":"Fri Nov 21 2025 15:54:57 GMT+0530 (India Standard Time)","url":"/links/list"}
{"contentLength":"162","level":"info","message":"HTTP Access Log","method":"GET","responseTime":0.928,"status":404,"timestamp":"Fri Nov 21 2025 15:54:57 GMT+0530 (India Standard Time)","url":"/links/public/styles.css"}
{"contentLength":"4682","level":"info","message":"HTTP Access Log","method":"GET","responseTime":7.749,"status":200,"timestamp":"Fri Nov 21 2025 15:55:03 GMT+0530 (India Standard Time)","url":"/links/list"}
{"contentLength":"162","level":"info","message":"HTTP Access Log","method":"GET","responseTime":0.881,"status":404,"timestamp":"Fri Nov 21 2025 15:55:03 GMT+0530 (India Standard Time)","url":"/links/public/styles.css"}
{"contentLength":"5072","level":"info","message":"HTTP Access Log","method":"GET","responseTime":79.551,"status":200,"timestamp":"Fri Nov 21 2025 15:55:20 GMT+0530 (India Standard Time)","url":"/links/list"}
{"contentLength":"162","level":"info","message":"HTTP Access Log","method":"GET","responseTime":0.477,"status":404,"timestamp":"Fri Nov 21 2025 15:55:20 GMT+0530 (India Standard Time)","url":"/links/public/styles.css"}
{"contentLength":"5267","level":"info","message":"HTTP Access Log","method":"GET","responseTime":8.355,"status":200,"timestamp":"Fri Nov 21 2025 15:55:27 GMT+0530 (India Standard Time)","url":"/links/list"}
{"contentLength":"162","level":"info","message":"HTTP Access Log","method":"GET","responseTime":0.499,"status":404,"timestamp":"Fri Nov 21 2025 15:55:27 GMT+0530 (India Standard Time)","url":"/links/public/styles.css"}
{"contentLength":"-","level":"info","message":"HTTP Access Log","method":"GET","responseTime":10.788,"status":304,"timestamp":"Fri Nov 21 2025 15:55:28 GMT+0530 (India Standard Time)","url":"/links/list"}
{"contentLength":"162","level":"info","message":"HTTP Access Log","method":"GET","responseTime":1.007,"status":404,"timestamp":"Fri Nov 21 2025 15:55:28 GMT+0530 (India Standard Time)","url":"/links/public/styles.css"}
{"contentLength":"-","level":"info","message":"HTTP Access Log","method":"GET","responseTime":6.877,"status":304,"timestamp":"Fri Nov 21 2025 15:55:29 GMT+0530 (India Standard Time)","url":"/links/list"}
{"contentLength":"162","level":"info","message":"HTTP Access Log","method":"GET","responseTime":1.228,"status":404,"timestamp":"Fri Nov 21 2025 15:55:29 GMT+0530 (India Standard Time)","url":"/links/public/styles.css"}
{"contentLength":"-","level":"info","message":"HTTP Access Log","method":"GET","responseTime":3.269,"status":304,"timestamp":"Fri Nov 21 2025 15:55:29 GMT+0530 (India Standard Time)","url":"/links/list"}
{"contentLength":"162","level":"info","message":"HTTP Access Log","method":"GET","responseTime":0.642,"status":404,"timestamp":"Fri Nov 21 2025 15:55:29 GMT+0530 (India Standard Time)","url":"/links/public/styles.css"}
{"contentLength":"4682","level":"info","message":"HTTP Access Log","method":"GET","responseTime":8.071,"status":200,"timestamp":"Fri Nov 21 2025 15:55:35 GMT+0530 (India Standard Time)","url":"/links/list"}
{"contentLength":"162","level":"info","message":"HTTP Access Log","method":"GET","responseTime":0.75,"status":404,"timestamp":"Fri Nov 21 2025 15:55:35 GMT+0530 (India Standard Time)","url":"/links/public/styles.css"}
{"contentLength":"4675","level":"info","message":"HTTP Access Log","method":"GET","responseTime":116.404,"status":200,"timestamp":"Fri Nov 21 2025 15:56:12 GMT+0530 (India Standard Time)","url":"/links/list"}
{"contentLength":"155","level":"info","message":"HTTP Access Log","method":"GET","responseTime":1.707,"status":404,"timestamp":"Fri Nov 21 2025 15:56:12 GMT+0530 (India Standard Time)","url":"/links/styles.css"}
{"contentLength":"-","level":"info","message":"HTTP Access Log","method":"GET","responseTime":3.967,"status":304,"timestamp":"Fri Nov 21 2025 15:56:12 GMT+0530 (India Standard Time)","url":"/links/list"}
{"contentLength":"155","level":"info","message":"HTTP Access Log","method":"GET","responseTime":0.627,"status":404,"timestamp":"Fri Nov 21 2025 15:56:12 GMT+0530 (India Standard Time)","url":"/links/styles.css"}
{"contentLength":"-","level":"info","message":"HTTP Access Log","method":"GET","responseTime":3.156,"status":304,"timestamp":"Fri Nov 21 2025 15:56:14 GMT+0530 (India Standard Time)","url":"/"}
{"contentLength":"9","level":"info","message":"HTTP Access Log","method":"GET","responseTime":9.089,"status":404,"timestamp":"Fri Nov 21 2025 15:56:14 GMT+0530 (India Standard Time)","url":"/styles.css"}
{"contentLength":"-","level":"info","message":"HTTP Access Log","method":"GET","responseTime":2.639,"status":304,"timestamp":"Fri Nov 21 2025 15:56:16 GMT+0530 (India Standard Time)","url":"/"}
{"contentLength":"9","level":"info","message":"HTTP Access Log","method":"GET","responseTime":5.032,"status":404,"timestamp":"Fri Nov 21 2025 15:56:16 GMT+0530 (India Standard Time)","url":"/styles.css"}
{"contentLength":"-","level":"info","message":"HTTP Access Log","method":"GET","responseTime":1.422,"status":304,"timestamp":"Fri Nov 21 2025 15:56:16 GMT+0530 (India Standard Time)","url":"/"}
{"contentLength":"9","level":"info","message":"HTTP Access Log","method":"GET","responseTime":3.007,"status":404,"timestamp":"Fri Nov 21 2025 15:56:16 GMT+0530 (India Standard Time)","url":"/styles.css"}
