{"contentLength":"1384","level":"info","message":"HTTP Access Log","method":"GET","responseTime":22.551,"status":200,"timestamp":"Fri Nov 21 2025 15:58:59 GMT+0530 (India Standard Time)","url":"/"}
{"contentLength":"813","level":"info","message":"HTTP Access Log","method":"GET","responseTime":11.759,"status":200,"timestamp":"Fri Nov 21 2025 15:58:59 GMT+0530 (India Standard Time)","url":"/styles.css"}
{"contentLength":"-","level":"info","message":"HTTP Access Log","method":"GET","responseTime":37.524,"status":304,"timestamp":"Fri Nov 21 2025 15:59:01 GMT+0530 (India Standard Time)","url":"/links/list"}
{"contentLength":"155","level":"info","message":"HTTP Access Log","method":"GET","responseTime":4.461,"status":404,"timestamp":"Fri Nov 21 2025 15:59:01 GMT+0530 (India Standard Time)","url":"/links/styles.css"}
{"contentLength":"-","level":"info","message":"HTTP Access Log","method":"GET","responseTime":3.784,"status":304,"timestamp":"Fri Nov 21 2025 15:59:04 GMT+0530 (India Standard Time)","url":"/"}
{"contentLength":"-","level":"info","message":"HTTP Access Log","method":"GET","responseTime":4.019,"status":304,"timestamp":"Fri Nov 21 2025 15:59:05 GMT+0530 (India Standard Time)","url":"/styles.css"}
{"contentLength":"-","level":"info","message":"HTTP Access Log","method":"GET","responseTime":28.353,"status":304,"timestamp":"Fri Nov 21 2025 15:59:28 GMT+0530 (India Standard Time)","url":"/"}
{"contentLength":"-","level":"info","message":"HTTP Access Log","method":"GET","responseTime":7.646,"status":304,"timestamp":"Fri Nov 21 2025 15:59:28 GMT+0530 (India Standard Time)","url":"/styles.css"}
{"contentLength":"-","level":"info","message":"HTTP Access Log","method":"GET","responseTime":4.761,"status":304,"timestamp":"Fri Nov 21 2025 15:59:29 GMT+0530 (India Standard Time)","url":"/"}
{"contentLength":"-","level":"info","message":"HTTP Access Log","method":"GET","responseTime":0.576,"status":304,"timestamp":"Fri Nov 21 2025 15:59:29 GMT+0530 (India Standard Time)","url":"/styles.css"}
{"contentLength":"-","level":"info","message":"HTTP Access Log","method":"GET","responseTime":2.626,"status":304,"timestamp":"Fri Nov 21 2025 15:59:29 GMT+0530 (India Standard Time)","url":"/"}
{"contentLength":"-","level":"info","message":"HTTP Access Log","method":"GET","responseTime":0.501,"status":304,"timestamp":"Fri Nov 21 2025 15:59:29 GMT+0530 (India Standard Time)","url":"/styles.css"}
{"contentLength":"-","level":"info","message":"HTTP Access Log","method":"GET","responseTime":36.884,"status":304,"timestamp":"Fri Nov 21 2025 15:59:30 GMT+0530 (India Standard Time)","url":"/links/list"}
{"contentLength":"155","level":"info","message":"HTTP Access Log","method":"GET","responseTime":5.165,"status":404,"timestamp":"Fri Nov 21 2025 15:59:30 GMT+0530 (India Standard Time)","url":"/links/styles.css"}
{"contentLength":"-","level":"info","message":"HTTP Access Log","method":"GET","responseTime":16.282,"status":304,"timestamp":"Fri Nov 21 2025 15:59:31 GMT+0530 (India Standard Time)","url":"/links/list"}
{"contentLength":"155","level":"info","message":"HTTP Access Log","method":"GET","responseTime":0.711,"status":404,"timestamp":"Fri Nov 21 2025 15:59:31 GMT+0530 (India Standard Time)","url":"/links/styles.css"}
{"contentLength":"-","level":"info","message":"HTTP Access Log","method":"GET","responseTime":4.618,"status":304,"timestamp":"Fri Nov 21 2025 15:59:31 GMT+0530 (India Standard Time)","url":"/links/list"}
{"contentLength":"155","level":"info","message":"HTTP Access Log","method":"GET","responseTime":0.582,"status":404,"timestamp":"Fri Nov 21 2025 15:59:31 GMT+0530 (India Standard Time)","url":"/links/styles.css"}
{"contentLength":"-","level":"info","message":"HTTP Access Log","method":"GET","responseTime":90.858,"status":304,"timestamp":"Fri Nov 21 2025 16:00:03 GMT+0530 (India Standard Time)","url":"/links/list"}
{"contentLength":"155","level":"info","message":"HTTP Access Log","method":"GET","responseTime":1.093,"status":404,"timestamp":"Fri Nov 21 2025 16:00:03 GMT+0530 (India Standard Time)","url":"/links/styles.css"}
{"contentLength":"-","level":"info","message":"HTTP Access Log","method":"GET","responseTime":8.668,"status":304,"timestamp":"Fri Nov 21 2025 16:00:05 GMT+0530 (India Standard Time)","url":"/links/list"}
{"contentLength":"155","level":"info","message":"HTTP Access Log","method":"GET","responseTime":0.851,"status":404,"timestamp":"Fri Nov 21 2025 16:00:05 GMT+0530 (India Standard Time)","url":"/links/styles.css"}
{"contentLength":"-","level":"info","message":"HTTP Access Log","method":"DELETE","responseTime":15.723,"status":204,"timestamp":"Fri Nov 21 2025 16:00:12 GMT+0530 (India Standard Time)","url":"/api/v1/re0vY9"}
{"contentLength":"4364","level":"info","message":"HTTP Access Log","method":"GET","responseTime":9.8,"status":200,"timestamp":"Fri Nov 21 2025 16:00:12 GMT+0530 (India Standard Time)","url":"/links/list"}
{"contentLength":"155","level":"info","message":"HTTP Access Log","method":"GET","responseTime":0.875,"status":404,"timestamp":"Fri Nov 21 2025 16:00:13 GMT+0530 (India Standard Time)","url":"/links/styles.css"}
{"contentLength":"-","level":"info","message":"HTTP Access Log","method":"GET","responseTime":1.37,"status":304,"timestamp":"Fri Nov 21 2025 16:00:16 GMT+0530 (India Standard Time)","url":"/"}
{"contentLength":"-","level":"info","message":"HTTP Access Log","method":"GET","responseTime":0.489,"status":304,"timestamp":"Fri Nov 21 2025 16:00:16 GMT+0530 (India Standard Time)","url":"/styles.css"}
{"contentLength":"133","level":"info","message":"HTTP Access Log","method":"POST","responseTime":19.425,"status":201,"timestamp":"Fri Nov 21 2025 16:00:22 GMT+0530 (India Standard Time)","url":"/api/v1"}
{"contentLength":"42","level":"info","message":"HTTP Access Log","method":"GET","responseTime":38.033,"status":302,"timestamp":"Fri Nov 21 2025 16:00:24 GMT+0530 (India Standard Time)","url":"/frcuQo"}
{"contentLength":"9","level":"info","message":"HTTP Access Log","method":"GET","responseTime":7.771,"status":404,"timestamp":"Fri Nov 21 2025 16:00:24 GMT+0530 (India Standard Time)","url":"/mmmmmmmmmmmmm"}
{"contentLength":"4663","level":"info","message":"HTTP Access Log","method":"GET","responseTime":27.046,"status":200,"timestamp":"Fri Nov 21 2025 16:00:26 GMT+0530 (India Standard Time)","url":"/links/list"}
{"contentLength":"155","level":"info","message":"HTTP Access Log","method":"GET","responseTime":3.779,"status":404,"timestamp":"Fri Nov 21 2025 16:00:26 GMT+0530 (India Standard Time)","url":"/links/styles.css"}
{"contentLength":"42","level":"info","message":"HTTP Access Log","method":"GET","responseTime":10.255,"status":302,"timestamp":"Fri Nov 21 2025 16:00:33 GMT+0530 (India Standard Time)","url":"/frcuQo"}
{"contentLength":"9","level":"info","message":"HTTP Access Log","method":"GET","responseTime":2.718,"status":404,"timestamp":"Fri Nov 21 2025 16:00:33 GMT+0530 (India Standard Time)","url":"/mmmmmmmmmmmmm"}
{"contentLength":"4663","level":"info","message":"HTTP Access Log","method":"GET","responseTime":10.59,"status":200,"timestamp":"Fri Nov 21 2025 16:00:43 GMT+0530 (India Standard Time)","url":"/links/list"}
{"contentLength":"155","level":"info","message":"HTTP Access Log","method":"GET","responseTime":0.961,"status":404,"timestamp":"Fri Nov 21 2025 16:00:43 GMT+0530 (India Standard Time)","url":"/links/styles.css"}
{"contentLength":"-","level":"info","message":"HTTP Access Log","method":"GET","responseTime":190.792,"status":304,"timestamp":"Fri Nov 21 2025 16:11:52 GMT+0530 (India Standard Time)","url":"/links/list"}
{"contentLength":"155","level":"info","message":"HTTP Access Log","method":"GET","responseTime":5.666,"status":404,"timestamp":"Fri Nov 21 2025 16:11:52 GMT+0530 (India Standard Time)","url":"/links/styles.css"}
{"contentLength":"42","level":"info","message":"HTTP Access Log","method":"GET","responseTime":73.1,"status":302,"timestamp":"Fri Nov 21 2025 16:11:55 GMT+0530 (India Standard Time)","url":"/frcuQo"}
{"contentLength":"9","level":"info","message":"HTTP Access Log","method":"GET","responseTime":6.046,"status":404,"timestamp":"Fri Nov 21 2025 16:11:55 GMT+0530 (India Standard Time)","url":"/mmmmmmmmmmmmm"}
{"contentLength":"4663","level":"info","message":"HTTP Access Log","method":"GET","responseTime":7.701,"status":200,"timestamp":"Fri Nov 21 2025 16:11:59 GMT+0530 (India Standard Time)","url":"/links/list"}
{"contentLength":"155","level":"info","message":"HTTP Access Log","method":"GET","responseTime":3.201,"status":404,"timestamp":"Fri Nov 21 2025 16:11:59 GMT+0530 (India Standard Time)","url":"/links/styles.css"}
{"contentLength":"-","level":"info","message":"HTTP Access Log","method":"GET","responseTime":57.949,"status":304,"timestamp":"Fri Nov 21 2025 16:12:41 GMT+0530 (India Standard Time)","url":"/links/list"}
{"contentLength":"155","level":"info","message":"HTTP Access Log","method":"GET","responseTime":10.419,"status":404,"timestamp":"Fri Nov 21 2025 16:12:41 GMT+0530 (India Standard Time)","url":"/links/styles.css"}
{"contentLength":"-","level":"info","message":"HTTP Access Log","method":"GET","responseTime":4.68,"status":304,"timestamp":"Fri Nov 21 2025 16:12:43 GMT+0530 (India Standard Time)","url":"/"}
{"contentLength":"-","level":"info","message":"HTTP Access Log","method":"GET","responseTime":3.248,"status":304,"timestamp":"Fri Nov 21 2025 16:12:43 GMT+0530 (India Standard Time)","url":"/styles.css"}
{"contentLength":"-","level":"info","message":"HTTP Access Log","method":"GET","responseTime":4.249,"status":304,"timestamp":"Fri Nov 21 2025 16:12:44 GMT+0530 (India Standard Time)","url":"/"}
{"contentLength":"-","level":"info","message":"HTTP Access Log","method":"GET","responseTime":1.053,"status":304,"timestamp":"Fri Nov 21 2025 16:12:44 GMT+0530 (India Standard Time)","url":"/styles.css"}
{"contentLength":"-","level":"info","message":"HTTP Access Log","method":"GET","responseTime":283.573,"status":304,"timestamp":"Fri Nov 21 2025 16:13:21 GMT+0530 (India Standard Time)","url":"/links/list"}
{"contentLength":"155","level":"info","message":"HTTP Access Log","method":"GET","responseTime":4.524,"status":404,"timestamp":"Fri Nov 21 2025 16:13:21 GMT+0530 (India Standard Time)","url":"/links/styles.css"}
{"contentLength":"-","level":"info","message":"HTTP Access Log","method":"GET","responseTime":4.667,"status":304,"timestamp":"Fri Nov 21 2025 16:13:37 GMT+0530 (India Standard Time)","url":"/"}
{"contentLength":"-","level":"info","message":"HTTP Access Log","method":"GET","responseTime":2.466,"status":304,"timestamp":"Fri Nov 21 2025 16:13:37 GMT+0530 (India Standard Time)","url":"/styles.css"}
{"contentLength":"9","level":"info","message":"HTTP Access Log","method":"GET","responseTime":151.348,"status":404,"timestamp":"Fri Nov 21 2025 16:14:21 GMT+0530 (India Standard Time)","url":"/links/stats/%220001%22"}
{"contentLength":"1088","level":"info","message":"HTTP Access Log","method":"GET","responseTime":7.978,"status":500,"timestamp":"Fri Nov 21 2025 16:14:25 GMT+0530 (India Standard Time)","url":"/links/stats/0001"}
{"contentLength":"600","level":"info","message":"HTTP Access Log","method":"GET","responseTime":151.654,"status":200,"timestamp":"Fri Nov 21 2025 16:15:24 GMT+0530 (India Standard Time)","url":"/links/stats/0001"}
{"contentLength":"9","level":"info","message":"HTTP Access Log","method":"GET","responseTime":4.423,"status":404,"timestamp":"Fri Nov 21 2025 16:15:24 GMT+0530 (India Standard Time)","url":"/links/stats/styles.css"}
{"contentLength":"-","level":"info","message":"HTTP Access Log","method":"GET","responseTime":5.698,"status":304,"timestamp":"Fri Nov 21 2025 16:15:33 GMT+0530 (India Standard Time)","url":"/"}
{"contentLength":"-","level":"info","message":"HTTP Access Log","method":"GET","responseTime":0.853,"status":304,"timestamp":"Fri Nov 21 2025 16:15:33 GMT+0530 (India Standard Time)","url":"/styles.css"}
{"contentLength":"-","level":"info","message":"HTTP Access Log","method":"GET","responseTime":159.903,"status":304,"timestamp":"Fri Nov 21 2025 16:15:36 GMT+0530 (India Standard Time)","url":"/links/list"}
{"contentLength":"155","level":"info","message":"HTTP Access Log","method":"GET","responseTime":0.882,"status":404,"timestamp":"Fri Nov 21 2025 16:15:36 GMT+0530 (India Standard Time)","url":"/links/styles.css"}
{"contentLength":"42","level":"info","message":"HTTP Access Log","method":"GET","responseTime":70.456,"status":302,"timestamp":"Fri Nov 21 2025 16:15:37 GMT+0530 (India Standard Time)","url":"/frcuQo"}
{"contentLength":"9","level":"info","message":"HTTP Access Log","method":"GET","responseTime":3.889,"status":404,"timestamp":"Fri Nov 21 2025 16:15:37 GMT+0530 (India Standard Time)","url":"/mmmmmmmmmmmmm"}
{"contentLength":"-","level":"info","message":"HTTP Access Log","method":"GET","responseTime":3.29,"status":304,"timestamp":"Fri Nov 21 2025 16:15:42 GMT+0530 (India Standard Time)","url":"/"}
{"contentLength":"-","level":"info","message":"HTTP Access Log","method":"GET","responseTime":0.756,"status":304,"timestamp":"Fri Nov 21 2025 16:15:42 GMT+0530 (India Standard Time)","url":"/styles.css"}
{"contentLength":"4663","level":"info","message":"HTTP Access Log","method":"GET","responseTime":8.097,"status":200,"timestamp":"Fri Nov 21 2025 16:15:44 GMT+0530 (India Standard Time)","url":"/links/list"}
{"contentLength":"155","level":"info","message":"HTTP Access Log","method":"GET","responseTime":1.184,"status":404,"timestamp":"Fri Nov 21 2025 16:15:44 GMT+0530 (India Standard Time)","url":"/links/styles.css"}
{"contentLength":"154","level":"info","message":"HTTP Access Log","method":"GET","responseTime":0.957,"status":404,"timestamp":"Fri Nov 21 2025 16:16:21 GMT+0530 (India Standard Time)","url":"/links/list/0002"}
{"contentLength":"549","level":"info","message":"HTTP Access Log","method":"GET","responseTime":154.477,"status":200,"timestamp":"Fri Nov 21 2025 16:16:41 GMT+0530 (India Standard Time)","url":"/links/stats/0002"}
{"contentLength":"9","level":"info","message":"HTTP Access Log","method":"GET","responseTime":5.465,"status":404,"timestamp":"Fri Nov 21 2025 16:16:41 GMT+0530 (India Standard Time)","url":"/links/stats/styles.css"}
{"contentLength":"541","level":"info","message":"HTTP Access Log","method":"GET","responseTime":136.021,"status":200,"timestamp":"Fri Nov 21 2025 16:16:59 GMT+0530 (India Standard Time)","url":"/links/stats/0002"}
{"contentLength":"9","level":"info","message":"HTTP Access Log","method":"GET","responseTime":4.732,"status":404,"timestamp":"Fri Nov 21 2025 16:17:00 GMT+0530 (India Standard Time)","url":"/links/stats/styles.css"}
{"contentLength":"-","level":"info","message":"HTTP Access Log","method":"GET","responseTime":143.723,"status":304,"timestamp":"Fri Nov 21 2025 16:17:38 GMT+0530 (India Standard Time)","url":"/links/stats/0002"}
{"contentLength":"9","level":"info","message":"HTTP Access Log","method":"GET","responseTime":4.313,"status":404,"timestamp":"Fri Nov 21 2025 16:17:38 GMT+0530 (India Standard Time)","url":"/links/stats/styles.css"}
{"contentLength":"-","level":"info","message":"HTTP Access Log","method":"GET","responseTime":7.481,"status":304,"timestamp":"Fri Nov 21 2025 16:17:39 GMT+0530 (India Standard Time)","url":"/links/stats/0002"}
{"contentLength":"9","level":"info","message":"HTTP Access Log","method":"GET","responseTime":3.316,"status":404,"timestamp":"Fri Nov 21 2025 16:17:39 GMT+0530 (India Standard Time)","url":"/links/stats/styles.css"}
{"contentLength":"-","level":"info","message":"HTTP Access Log","method":"GET","responseTime":4.343,"status":304,"timestamp":"Fri Nov 21 2025 16:17:39 GMT+0530 (India Standard Time)","url":"/links/stats/0002"}
{"contentLength":"9","level":"info","message":"HTTP Access Log","method":"GET","responseTime":3.74,"status":404,"timestamp":"Fri Nov 21 2025 16:17:39 GMT+0530 (India Standard Time)","url":"/links/stats/styles.css"}
{"contentLength":"9","level":"info","message":"HTTP Access Log","method":"GET","responseTime":139.792,"status":404,"timestamp":"Fri Nov 21 2025 16:17:53 GMT+0530 (India Standard Time)","url":"/links/stats/%222025-11-19%2021:01:23.996+05:30%22%20%222025-11-20%2018:57:18.395+05:30%22%20%222025-11-20%2011:13:06.199+05:30%22%20%222025-11-20%2011:12:59.769+05:30%22%20%222025-11-21%2016:11:55.529+05:30%22%20%222025-11-20%2011:13:14.72+05:30%22"}
{"contentLength":"9","level":"info","message":"HTTP Access Log","method":"GET","responseTime":4.272,"status":404,"timestamp":"Fri Nov 21 2025 16:18:02 GMT+0530 (India Standard Time)","url":"/links/stats/Z8oSg5"}
{"contentLength":"9","level":"info","message":"HTTP Access Log","method":"GET","responseTime":3.137,"status":404,"timestamp":"Fri Nov 21 2025 16:18:04 GMT+0530 (India Standard Time)","url":"/links/stats/Z8oSg5"}
{"contentLength":"9","level":"info","message":"HTTP Access Log","method":"GET","responseTime":134.948,"status":404,"timestamp":"Fri Nov 21 2025 16:18:16 GMT+0530 (India Standard Time)","url":"/links/stats/Z8oSg5"}
{"contentLength":"9","level":"info","message":"HTTP Access Log","method":"GET","responseTime":8.923,"status":404,"timestamp":"Fri Nov 21 2025 16:18:16 GMT+0530 (India Standard Time)","url":"/links/stats/Z8oSg5"}
{"contentLength":"9","level":"info","message":"HTTP Access Log","method":"GET","responseTime":5.245,"status":404,"timestamp":"Fri Nov 21 2025 16:18:17 GMT+0530 (India Standard Time)","url":"/links/stats/Z8oSg5"}
{"contentLength":"-","level":"info","message":"HTTP Access Log","method":"GET","responseTime":3.566,"status":304,"timestamp":"Fri Nov 21 2025 16:18:20 GMT+0530 (India Standard Time)","url":"/"}
{"contentLength":"-","level":"info","message":"HTTP Access Log","method":"GET","responseTime":0.661,"status":304,"timestamp":"Fri Nov 21 2025 16:18:20 GMT+0530 (India Standard Time)","url":"/styles.css"}
{"contentLength":"-","level":"info","message":"HTTP Access Log","method":"GET","responseTime":137.099,"status":304,"timestamp":"Fri Nov 21 2025 16:18:28 GMT+0530 (India Standard Time)","url":"/links/list"}
{"contentLength":"155","level":"info","message":"HTTP Access Log","method":"GET","responseTime":2.496,"status":404,"timestamp":"Fri Nov 21 2025 16:18:28 GMT+0530 (India Standard Time)","url":"/links/styles.css"}
{"contentLength":"-","level":"info","message":"HTTP Access Log","method":"GET","responseTime":6.793,"status":304,"timestamp":"Fri Nov 21 2025 16:18:33 GMT+0530 (India Standard Time)","url":"/links/stats/0002"}
{"contentLength":"9","level":"info","message":"HTTP Access Log","method":"GET","responseTime":3.223,"status":404,"timestamp":"Fri Nov 21 2025 16:18:33 GMT+0530 (India Standard Time)","url":"/links/stats/styles.css"}
{"contentLength":"9","level":"info","message":"HTTP Access Log","method":"GET","responseTime":151.676,"status":404,"timestamp":"Fri Nov 21 2025 16:18:44 GMT+0530 (India Standard Time)","url":"/links/stats/Z8oSg5"}
{"contentLength":"9","level":"info","message":"HTTP Access Log","method":"GET","responseTime":5.45,"status":404,"timestamp":"Fri Nov 21 2025 16:18:52 GMT+0530 (India Standard Time)","url":"/links/stats/test"}
{"contentLength":"592","level":"info","message":"HTTP Access Log","method":"GET","responseTime":5.795,"status":200,"timestamp":"Fri Nov 21 2025 16:18:57 GMT+0530 (India Standard Time)","url":"/links/stats/0001"}
{"contentLength":"9","level":"info","message":"HTTP Access Log","method":"GET","responseTime":3.271,"status":404,"timestamp":"Fri Nov 21 2025 16:18:57 GMT+0530 (India Standard Time)","url":"/links/stats/styles.css"}
{"contentLength":"545","level":"info","message":"HTTP Access Log","method":"GET","responseTime":252.22,"status":200,"timestamp":"Fri Nov 21 2025 16:20:26 GMT+0530 (India Standard Time)","url":"/links/stats/1KNGgc"}
{"contentLength":"9","level":"info","message":"HTTP Access Log","method":"GET","responseTime":6.197,"status":404,"timestamp":"Fri Nov 21 2025 16:20:26 GMT+0530 (India Standard Time)","url":"/links/stats/styles.css"}
{"contentLength":"-","level":"info","message":"HTTP Access Log","method":"GET","responseTime":136.719,"status":304,"timestamp":"Fri Nov 21 2025 16:20:36 GMT+0530 (India Standard Time)","url":"/links/stats/0001"}
{"contentLength":"9","level":"info","message":"HTTP Access Log","method":"GET","responseTime":4.591,"status":404,"timestamp":"Fri Nov 21 2025 16:20:36 GMT+0530 (India Standard Time)","url":"/links/stats/styles.css"}
{"contentLength":"-","level":"info","message":"HTTP Access Log","method":"GET","responseTime":6.07,"status":304,"timestamp":"Fri Nov 21 2025 16:20:38 GMT+0530 (India Standard Time)","url":"/links/stats/0001"}
{"contentLength":"9","level":"info","message":"HTTP Access Log","method":"GET","responseTime":3.663,"status":404,"timestamp":"Fri Nov 21 2025 16:20:39 GMT+0530 (India Standard Time)","url":"/links/stats/styles.css"}
{"contentLength":"-","level":"info","message":"HTTP Access Log","method":"GET","responseTime":10.595,"status":304,"timestamp":"Fri Nov 21 2025 16:20:40 GMT+0530 (India Standard Time)","url":"/links/list"}
{"contentLength":"155","level":"info","message":"HTTP Access Log","method":"GET","responseTime":0.717,"status":404,"timestamp":"Fri Nov 21 2025 16:20:40 GMT+0530 (India Standard Time)","url":"/links/styles.css"}
{"contentLength":"-","level":"info","message":"HTTP Access Log","method":"GET","responseTime":5.904,"status":304,"timestamp":"Fri Nov 21 2025 16:20:47 GMT+0530 (India Standard Time)","url":"/links/stats/0001"}
{"contentLength":"9","level":"info","message":"HTTP Access Log","method":"GET","responseTime":5.98,"status":404,"timestamp":"Fri Nov 21 2025 16:20:47 GMT+0530 (India Standard Time)","url":"/links/stats/styles.css"}
{"contentLength":"-","level":"info","message":"HTTP Access Log","method":"GET","responseTime":6.567,"status":304,"timestamp":"Fri Nov 21 2025 16:20:51 GMT+0530 (India Standard Time)","url":"/links/list"}
{"contentLength":"155","level":"info","message":"HTTP Access Log","method":"GET","responseTime":2.583,"status":404,"timestamp":"Fri Nov 21 2025 16:20:51 GMT+0530 (India Standard Time)","url":"/links/styles.css"}
{"contentLength":"50","level":"info","message":"HTTP Access Log","method":"GET","responseTime":13.093,"status":302,"timestamp":"Fri Nov 21 2025 16:20:53 GMT+0530 (India Standard Time)","url":"/0001"}
{"contentLength":"4663","level":"info","message":"HTTP Access Log","method":"GET","responseTime":9.963,"status":200,"timestamp":"Fri Nov 21 2025 16:21:00 GMT+0530 (India Standard Time)","url":"/links/list"}
{"contentLength":"155","level":"info","message":"HTTP Access Log","method":"GET","responseTime":1.346,"status":404,"timestamp":"Fri Nov 21 2025 16:21:00 GMT+0530 (India Standard Time)","url":"/links/styles.css"}
{"contentLength":"592","level":"info","message":"HTTP Access Log","method":"GET","responseTime":6.643,"status":200,"timestamp":"Fri Nov 21 2025 16:21:04 GMT+0530 (India Standard Time)","url":"/links/stats/0001"}
{"contentLength":"9","level":"info","message":"HTTP Access Log","method":"GET","responseTime":4.038,"status":404,"timestamp":"Fri Nov 21 2025 16:21:04 GMT+0530 (India Standard Time)","url":"/links/stats/styles.css"}
{"contentLength":"-","level":"info","message":"HTTP Access Log","method":"GET","responseTime":2.656,"status":304,"timestamp":"Fri Nov 21 2025 16:21:29 GMT+0530 (India Standard Time)","url":"/"}
{"contentLength":"-","level":"info","message":"HTTP Access Log","method":"GET","responseTime":1.012,"status":304,"timestamp":"Fri Nov 21 2025 16:21:29 GMT+0530 (India Standard Time)","url":"/styles.css"}
{"contentLength":"1410","level":"info","message":"HTTP Access Log","method":"GET","responseTime":5.922,"status":200,"timestamp":"Fri Nov 21 2025 16:22:10 GMT+0530 (India Standard Time)","url":"/"}
{"contentLength":"-","level":"info","message":"HTTP Access Log","method":"GET","responseTime":0.862,"status":304,"timestamp":"Fri Nov 21 2025 16:22:10 GMT+0530 (India Standard Time)","url":"/styles.css"}
{"contentLength":"-","level":"info","message":"HTTP Access Log","method":"GET","responseTime":4.077,"status":304,"timestamp":"Fri Nov 21 2025 16:22:11 GMT+0530 (India Standard Time)","url":"/"}
{"contentLength":"-","level":"info","message":"HTTP Access Log","method":"GET","responseTime":0.668,"status":304,"timestamp":"Fri Nov 21 2025 16:22:11 GMT+0530 (India Standard Time)","url":"/styles.css"}
{"contentLength":"-","level":"info","message":"HTTP Access Log","method":"GET","responseTime":2.669,"status":304,"timestamp":"Fri Nov 21 2025 16:22:11 GMT+0530 (India Standard Time)","url":"/"}
{"contentLength":"-","level":"info","message":"HTTP Access Log","method":"GET","responseTime":0.693,"status":304,"timestamp":"Fri Nov 21 2025 16:22:11 GMT+0530 (India Standard Time)","url":"/styles.css"}
{"contentLength":"-","level":"info","message":"HTTP Access Log","method":"GET","responseTime":3.092,"status":304,"timestamp":"Fri Nov 21 2025 16:22:11 GMT+0530 (India Standard Time)","url":"/"}
{"contentLength":"-","level":"info","message":"HTTP Access Log","method":"GET","responseTime":0.979,"status":304,"timestamp":"Fri Nov 21 2025 16:22:11 GMT+0530 (India Standard Time)","url":"/styles.css"}
{"contentLength":"1407","level":"info","message":"HTTP Access Log","method":"GET","responseTime":3.722,"status":200,"timestamp":"Fri Nov 21 2025 16:22:36 GMT+0530 (India Standard Time)","url":"/"}
{"contentLength":"-","level":"info","message":"HTTP Access Log","method":"GET","responseTime":0.875,"status":304,"timestamp":"Fri Nov 21 2025 16:22:36 GMT+0530 (India Standard Time)","url":"/styles.css"}
{"contentLength":"1385","level":"info","message":"HTTP Access Log","method":"GET","responseTime":4.255,"status":200,"timestamp":"Fri Nov 21 2025 16:22:44 GMT+0530 (India Standard Time)","url":"/"}
{"contentLength":"-","level":"info","message":"HTTP Access Log","method":"GET","responseTime":0.595,"status":304,"timestamp":"Fri Nov 21 2025 16:22:45 GMT+0530 (India Standard Time)","url":"/styles.css"}
{"contentLength":"-","level":"info","message":"HTTP Access Log","method":"GET","responseTime":4.424,"status":304,"timestamp":"Fri Nov 21 2025 16:22:54 GMT+0530 (India Standard Time)","url":"/"}
{"contentLength":"-","level":"info","message":"HTTP Access Log","method":"GET","responseTime":0.948,"status":304,"timestamp":"Fri Nov 21 2025 16:22:55 GMT+0530 (India Standard Time)","url":"/styles.css"}
{"contentLength":"-","level":"info","message":"HTTP Access Log","method":"GET","responseTime":2.761,"status":304,"timestamp":"Fri Nov 21 2025 16:22:55 GMT+0530 (India Standard Time)","url":"/"}
{"contentLength":"-","level":"info","message":"HTTP Access Log","method":"GET","responseTime":1.064,"status":304,"timestamp":"Fri Nov 21 2025 16:22:55 GMT+0530 (India Standard Time)","url":"/styles.css"}
{"contentLength":"1384","level":"info","message":"HTTP Access Log","method":"GET","responseTime":24.392,"status":200,"timestamp":"Fri Nov 21 2025 16:25:07 GMT+0530 (India Standard Time)","url":"/"}
{"contentLength":"-","level":"info","message":"HTTP Access Log","method":"GET","responseTime":5.652,"status":304,"timestamp":"Fri Nov 21 2025 16:25:07 GMT+0530 (India Standard Time)","url":"/styles.css"}
{"contentLength":"-","level":"info","message":"HTTP Access Log","method":"GET","responseTime":3.579,"status":304,"timestamp":"Fri Nov 21 2025 16:25:08 GMT+0530 (India Standard Time)","url":"/"}
{"contentLength":"-","level":"info","message":"HTTP Access Log","method":"GET","responseTime":1.152,"status":304,"timestamp":"Fri Nov 21 2025 16:25:08 GMT+0530 (India Standard Time)","url":"/styles.css"}
{"contentLength":"-","level":"info","message":"HTTP Access Log","method":"GET","responseTime":2.686,"status":304,"timestamp":"Fri Nov 21 2025 16:25:08 GMT+0530 (India Standard Time)","url":"/"}
{"contentLength":"-","level":"info","message":"HTTP Access Log","method":"GET","responseTime":1.048,"status":304,"timestamp":"Fri Nov 21 2025 16:25:08 GMT+0530 (India Standard Time)","url":"/styles.css"}
{"contentLength":"4662","level":"info","message":"HTTP Access Log","method":"GET","responseTime":37.006,"status":200,"timestamp":"Fri Nov 21 2025 16:25:11 GMT+0530 (India Standard Time)","url":"/links/list"}
{"contentLength":"155","level":"info","message":"HTTP Access Log","method":"GET","responseTime":6.443,"status":404,"timestamp":"Fri Nov 21 2025 16:25:11 GMT+0530 (India Standard Time)","url":"/links/styles.css"}
{"contentLength":"-","level":"info","message":"HTTP Access Log","method":"GET","responseTime":14.046,"status":304,"timestamp":"Fri Nov 21 2025 16:25:12 GMT+0530 (India Standard Time)","url":"/links/list"}
{"contentLength":"155","level":"info","message":"HTTP Access Log","method":"GET","responseTime":1.717,"status":404,"timestamp":"Fri Nov 21 2025 16:25:12 GMT+0530 (India Standard Time)","url":"/links/styles.css"}
{"contentLength":"-","level":"info","message":"HTTP Access Log","method":"GET","responseTime":7.075,"status":304,"timestamp":"Fri Nov 21 2025 16:25:13 GMT+0530 (India Standard Time)","url":"/links/list"}
{"contentLength":"155","level":"info","message":"HTTP Access Log","method":"GET","responseTime":1.191,"status":404,"timestamp":"Fri Nov 21 2025 16:25:13 GMT+0530 (India Standard Time)","url":"/links/styles.css"}
{"contentLength":"4662","level":"info","message":"HTTP Access Log","method":"GET","responseTime":144.636,"status":200,"timestamp":"Fri Nov 21 2025 16:26:41 GMT+0530 (India Standard Time)","url":"/links/list"}
{"contentLength":"-","level":"info","message":"HTTP Access Log","method":"GET","responseTime":0.867,"status":304,"timestamp":"Fri Nov 21 2025 16:26:42 GMT+0530 (India Standard Time)","url":"/styles.css"}
{"contentLength":"1384","level":"info","message":"HTTP Access Log","method":"GET","responseTime":3.149,"status":200,"timestamp":"Fri Nov 21 2025 16:26:45 GMT+0530 (India Standard Time)","url":"/"}
{"contentLength":"-","level":"info","message":"HTTP Access Log","method":"GET","responseTime":1.247,"status":304,"timestamp":"Fri Nov 21 2025 16:26:45 GMT+0530 (India Standard Time)","url":"/styles.css"}
{"contentLength":"-","level":"info","message":"HTTP Access Log","method":"GET","responseTime":10.999,"status":304,"timestamp":"Fri Nov 21 2025 16:26:47 GMT+0530 (India Standard Time)","url":"/links/list"}
{"contentLength":"-","level":"info","message":"HTTP Access Log","method":"GET","responseTime":1.125,"status":304,"timestamp":"Fri Nov 21 2025 16:26:47 GMT+0530 (India Standard Time)","url":"/styles.css"}
{"contentLength":"-","level":"info","message":"HTTP Access Log","method":"GET","responseTime":13.931,"status":304,"timestamp":"Fri Nov 21 2025 16:26:48 GMT+0530 (India Standard Time)","url":"/links/list"}
{"contentLength":"-","level":"info","message":"HTTP Access Log","method":"GET","responseTime":0.869,"status":304,"timestamp":"Fri Nov 21 2025 16:26:48 GMT+0530 (India Standard Time)","url":"/styles.css"}
{"contentLength":"-","level":"info","message":"HTTP Access Log","method":"GET","responseTime":10.434,"status":304,"timestamp":"Fri Nov 21 2025 16:26:48 GMT+0530 (India Standard Time)","url":"/links/list"}
{"contentLength":"-","level":"info","message":"HTTP Access Log","method":"GET","responseTime":0.789,"status":304,"timestamp":"Fri Nov 21 2025 16:26:48 GMT+0530 (India Standard Time)","url":"/styles.css"}
{"contentLength":"-","level":"info","message":"HTTP Access Log","method":"GET","responseTime":7.103,"status":304,"timestamp":"Fri Nov 21 2025 16:26:48 GMT+0530 (India Standard Time)","url":"/links/list"}
{"contentLength":"-","level":"info","message":"HTTP Access Log","method":"GET","responseTime":0.803,"status":304,"timestamp":"Fri Nov 21 2025 16:26:48 GMT+0530 (India Standard Time)","url":"/styles.css"}
{"contentLength":"592","level":"info","message":"HTTP Access Log","method":"GET","responseTime":150.164,"status":200,"timestamp":"Fri Nov 21 2025 16:28:58 GMT+0530 (India Standard Time)","url":"/links/stats/0001"}
{"contentLength":"-","level":"info","message":"HTTP Access Log","method":"GET","responseTime":0.867,"status":304,"timestamp":"Fri Nov 21 2025 16:28:58 GMT+0530 (India Standard Time)","url":"/styles.css"}
{"contentLength":"-","level":"info","message":"HTTP Access Log","method":"GET","responseTime":5.213,"status":304,"timestamp":"Fri Nov 21 2025 16:29:07 GMT+0530 (India Standard Time)","url":"/"}
{"contentLength":"-","level":"info","message":"HTTP Access Log","method":"GET","responseTime":1.274,"status":304,"timestamp":"Fri Nov 21 2025 16:29:07 GMT+0530 (India Standard Time)","url":"/styles.css"}
{"contentLength":"-","level":"info","message":"HTTP Access Log","method":"GET","responseTime":144.586,"status":304,"timestamp":"Fri Nov 21 2025 16:29:09 GMT+0530 (India Standard Time)","url":"/links/list"}
{"contentLength":"-","level":"info","message":"HTTP Access Log","method":"GET","responseTime":0.679,"status":304,"timestamp":"Fri Nov 21 2025 16:29:09 GMT+0530 (India Standard Time)","url":"/styles.css"}
{"contentLength":"1491","level":"info","message":"HTTP Access Log","method":"GET","responseTime":4.347,"status":200,"timestamp":"Fri Nov 21 2025 16:29:31 GMT+0530 (India Standard Time)","url":"/"}
{"contentLength":"-","level":"info","message":"HTTP Access Log","method":"GET","responseTime":1.034,"status":304,"timestamp":"Fri Nov 21 2025 16:29:31 GMT+0530 (India Standard Time)","url":"/styles.css"}
{"contentLength":"1355","level":"info","message":"HTTP Access Log","method":"GET","responseTime":3.797,"status":500,"timestamp":"Fri Nov 21 2025 16:29:51 GMT+0530 (India Standard Time)","url":"/"}
{"contentLength":"1355","level":"info","message":"HTTP Access Log","method":"GET","responseTime":2.201,"status":500,"timestamp":"Fri Nov 21 2025 16:29:53 GMT+0530 (India Standard Time)","url":"/"}
{"contentLength":"1355","level":"info","message":"HTTP Access Log","method":"GET","responseTime":2.757,"status":500,"timestamp":"Fri Nov 21 2025 16:29:53 GMT+0530 (India Standard Time)","url":"/"}
{"contentLength":"1491","level":"info","message":"HTTP Access Log","method":"GET","responseTime":3.054,"status":200,"timestamp":"Fri Nov 21 2025 16:30:05 GMT+0530 (India Standard Time)","url":"/"}
{"contentLength":"-","level":"info","message":"HTTP Access Log","method":"GET","responseTime":2.814,"status":304,"timestamp":"Fri Nov 21 2025 16:30:05 GMT+0530 (India Standard Time)","url":"/styles.css"}
{"contentLength":"4769","level":"info","message":"HTTP Access Log","method":"GET","responseTime":148.751,"status":200,"timestamp":"Fri Nov 21 2025 16:30:07 GMT+0530 (India Standard Time)","url":"/links/list"}
{"contentLength":"-","level":"info","message":"HTTP Access Log","method":"GET","responseTime":0.962,"status":304,"timestamp":"Fri Nov 21 2025 16:30:07 GMT+0530 (India Standard Time)","url":"/styles.css"}
{"contentLength":"-","level":"info","message":"HTTP Access Log","method":"GET","responseTime":2.625,"status":304,"timestamp":"Fri Nov 21 2025 16:30:08 GMT+0530 (India Standard Time)","url":"/"}
{"contentLength":"-","level":"info","message":"HTTP Access Log","method":"GET","responseTime":0.645,"status":304,"timestamp":"Fri Nov 21 2025 16:30:08 GMT+0530 (India Standard Time)","url":"/styles.css"}
{"contentLength":"7758","level":"info","message":"HTTP Access Log","method":"GET","responseTime":146.887,"status":200,"timestamp":"Fri Nov 21 2025 16:30:25 GMT+0530 (India Standard Time)","url":"/links/list"}
{"contentLength":"-","level":"info","message":"HTTP Access Log","method":"GET","responseTime":0.867,"status":304,"timestamp":"Fri Nov 21 2025 16:30:25 GMT+0530 (India Standard Time)","url":"/styles.css"}
{"contentLength":"-","level":"info","message":"HTTP Access Log","method":"GET","responseTime":7.545,"status":304,"timestamp":"Fri Nov 21 2025 16:30:25 GMT+0530 (India Standard Time)","url":"/links/list"}
{"contentLength":"-","level":"info","message":"HTTP Access Log","method":"GET","responseTime":0.655,"status":304,"timestamp":"Fri Nov 21 2025 16:30:25 GMT+0530 (India Standard Time)","url":"/styles.css"}
{"contentLength":"-","level":"info","message":"HTTP Access Log","method":"GET","responseTime":2.751,"status":304,"timestamp":"Fri Nov 21 2025 16:30:49 GMT+0530 (India Standard Time)","url":"/"}
{"contentLength":"-","level":"info","message":"HTTP Access Log","method":"GET","responseTime":0.698,"status":304,"timestamp":"Fri Nov 21 2025 16:30:49 GMT+0530 (India Standard Time)","url":"/styles.css"}
{"contentLength":"-","level":"info","message":"HTTP Access Log","method":"GET","responseTime":139.584,"status":304,"timestamp":"Fri Nov 21 2025 16:30:50 GMT+0530 (India Standard Time)","url":"/links/list"}
{"contentLength":"-","level":"info","message":"HTTP Access Log","method":"GET","responseTime":0.598,"status":304,"timestamp":"Fri Nov 21 2025 16:30:50 GMT+0530 (India Standard Time)","url":"/styles.css"}
{"contentLength":"42","level":"info","message":"HTTP Access Log","method":"GET","responseTime":158.1,"status":302,"timestamp":"Fri Nov 21 2025 16:31:32 GMT+0530 (India Standard Time)","url":"/frcuQo"}
{"contentLength":"9","level":"info","message":"HTTP Access Log","method":"GET","responseTime":3.748,"status":404,"timestamp":"Fri Nov 21 2025 16:31:32 GMT+0530 (India Standard Time)","url":"/mmmmmmmmmmmmm"}
{"contentLength":"42","level":"info","message":"HTTP Access Log","method":"GET","responseTime":13.192,"status":302,"timestamp":"Fri Nov 21 2025 16:31:39 GMT+0530 (India Standard Time)","url":"/frcuQo"}
{"contentLength":"9","level":"info","message":"HTTP Access Log","method":"GET","responseTime":5.723,"status":404,"timestamp":"Fri Nov 21 2025 16:31:39 GMT+0530 (India Standard Time)","url":"/mmmmmmmmmmmmm"}
{"contentLength":"-","level":"info","message":"HTTP Access Log","method":"DELETE","responseTime":45.181,"status":204,"timestamp":"Fri Nov 21 2025 16:31:46 GMT+0530 (India Standard Time)","url":"/api/v1/frcuQo"}
{"contentLength":"7256","level":"info","message":"HTTP Access Log","method":"GET","responseTime":9.759,"status":200,"timestamp":"Fri Nov 21 2025 16:31:46 GMT+0530 (India Standard Time)","url":"/links/list"}
{"contentLength":"-","level":"info","message":"HTTP Access Log","method":"GET","responseTime":0.763,"status":304,"timestamp":"Fri Nov 21 2025 16:31:46 GMT+0530 (India Standard Time)","url":"/styles.css"}
{"contentLength":"-","level":"info","message":"HTTP Access Log","method":"GET","responseTime":8.216,"status":304,"timestamp":"Fri Nov 21 2025 16:31:49 GMT+0530 (India Standard Time)","url":"/links/list"}
{"contentLength":"-","level":"info","message":"HTTP Access Log","method":"GET","responseTime":0.571,"status":304,"timestamp":"Fri Nov 21 2025 16:31:50 GMT+0530 (India Standard Time)","url":"/styles.css"}
{"contentLength":"-","level":"info","message":"HTTP Access Log","method":"GET","responseTime":7.218,"status":304,"timestamp":"Fri Nov 21 2025 16:31:50 GMT+0530 (India Standard Time)","url":"/links/list"}
{"contentLength":"-","level":"info","message":"HTTP Access Log","method":"GET","responseTime":1.004,"status":304,"timestamp":"Fri Nov 21 2025 16:31:50 GMT+0530 (India Standard Time)","url":"/styles.css"}
{"contentLength":"-","level":"info","message":"HTTP Access Log","method":"GET","responseTime":4.26,"status":304,"timestamp":"Fri Nov 21 2025 16:31:51 GMT+0530 (India Standard Time)","url":"/"}
{"contentLength":"-","level":"info","message":"HTTP Access Log","method":"GET","responseTime":0.731,"status":304,"timestamp":"Fri Nov 21 2025 16:31:51 GMT+0530 (India Standard Time)","url":"/styles.css"}
{"contentLength":"-","level":"info","message":"HTTP Access Log","method":"GET","responseTime":8.901,"status":304,"timestamp":"Fri Nov 21 2025 16:31:52 GMT+0530 (India Standard Time)","url":"/links/list"}
{"contentLength":"-","level":"info","message":"HTTP Access Log","method":"GET","responseTime":0.801,"status":304,"timestamp":"Fri Nov 21 2025 16:31:52 GMT+0530 (India Standard Time)","url":"/styles.css"}
{"contentLength":"705","level":"info","message":"HTTP Access Log","method":"GET","responseTime":150.931,"status":200,"timestamp":"Fri Nov 21 2025 16:32:12 GMT+0530 (India Standard Time)","url":"/links/stats/0001"}
{"contentLength":"-","level":"info","message":"HTTP Access Log","method":"GET","responseTime":1.37,"status":304,"timestamp":"Fri Nov 21 2025 16:32:12 GMT+0530 (India Standard Time)","url":"/styles.css"}
{"contentLength":"-","level":"info","message":"HTTP Access Log","method":"GET","responseTime":134.736,"status":304,"timestamp":"Fri Nov 21 2025 16:32:30 GMT+0530 (India Standard Time)","url":"/links/stats/0001"}
{"contentLength":"1786","level":"info","message":"HTTP Access Log","method":"GET","responseTime":3.818,"status":200,"timestamp":"Fri Nov 21 2025 16:32:30 GMT+0530 (India Standard Time)","url":"/styles.css"}
{"contentLength":"-","level":"info","message":"HTTP Access Log","method":"GET","responseTime":3.53,"status":304,"timestamp":"Fri Nov 21 2025 16:32:32 GMT+0530 (India Standard Time)","url":"/"}
{"contentLength":"-","level":"info","message":"HTTP Access Log","method":"GET","responseTime":0.494,"status":304,"timestamp":"Fri Nov 21 2025 16:32:32 GMT+0530 (India Standard Time)","url":"/styles.css"}
{"contentLength":"-","level":"info","message":"HTTP Access Log","method":"GET","responseTime":8.399,"status":304,"timestamp":"Fri Nov 21 2025 16:32:34 GMT+0530 (India Standard Time)","url":"/links/list"}
{"contentLength":"-","level":"info","message":"HTTP Access Log","method":"GET","responseTime":0.682,"status":304,"timestamp":"Fri Nov 21 2025 16:32:34 GMT+0530 (India Standard Time)","url":"/styles.css"}
{"contentLength":"-","level":"info","message":"HTTP Access Log","method":"GET","responseTime":2.868,"status":304,"timestamp":"Fri Nov 21 2025 16:32:41 GMT+0530 (India Standard Time)","url":"/"}
{"contentLength":"-","level":"info","message":"HTTP Access Log","method":"GET","responseTime":0.585,"status":304,"timestamp":"Fri Nov 21 2025 16:32:41 GMT+0530 (India Standard Time)","url":"/styles.css"}
{"contentLength":"-","level":"info","message":"HTTP Access Log","method":"GET","responseTime":130.881,"status":304,"timestamp":"Fri Nov 21 2025 16:32:46 GMT+0530 (India Standard Time)","url":"/links/list"}
{"contentLength":"-","level":"info","message":"HTTP Access Log","method":"GET","responseTime":0.788,"status":304,"timestamp":"Fri Nov 21 2025 16:32:46 GMT+0530 (India Standard Time)","url":"/styles.css"}
{"contentLength":"-","level":"info","message":"HTTP Access Log","method":"GET","responseTime":5.605,"status":304,"timestamp":"Fri Nov 21 2025 16:32:55 GMT+0530 (India Standard Time)","url":"/links/stats/0001"}
{"contentLength":"-","level":"info","message":"HTTP Access Log","method":"GET","responseTime":1.438,"status":304,"timestamp":"Fri Nov 21 2025 16:32:55 GMT+0530 (India Standard Time)","url":"/styles.css"}
{"contentLength":"-","level":"info","message":"HTTP Access Log","method":"GET","responseTime":4.043,"status":304,"timestamp":"Fri Nov 21 2025 16:32:59 GMT+0530 (India Standard Time)","url":"/"}
{"contentLength":"-","level":"info","message":"HTTP Access Log","method":"GET","responseTime":0.712,"status":304,"timestamp":"Fri Nov 21 2025 16:32:59 GMT+0530 (India Standard Time)","url":"/styles.css"}
{"contentLength":"-","level":"info","message":"HTTP Access Log","method":"GET","responseTime":11.15,"status":304,"timestamp":"Fri Nov 21 2025 16:33:00 GMT+0530 (India Standard Time)","url":"/links/list"}
{"contentLength":"-","level":"info","message":"HTTP Access Log","method":"GET","responseTime":0.643,"status":304,"timestamp":"Fri Nov 21 2025 16:33:00 GMT+0530 (India Standard Time)","url":"/styles.css"}
{"contentLength":"-","level":"info","message":"HTTP Access Log","method":"GET","responseTime":2.838,"status":304,"timestamp":"Fri Nov 21 2025 16:33:57 GMT+0530 (India Standard Time)","url":"/"}
{"contentLength":"1786","level":"info","message":"HTTP Access Log","method":"GET","responseTime":2.389,"status":200,"timestamp":"Fri Nov 21 2025 16:33:57 GMT+0530 (India Standard Time)","url":"/styles.css"}
{"contentLength":"-","level":"info","message":"HTTP Access Log","method":"GET","responseTime":158.049,"status":304,"timestamp":"Fri Nov 21 2025 16:33:59 GMT+0530 (India Standard Time)","url":"/links/list"}
{"contentLength":"-","level":"info","message":"HTTP Access Log","method":"GET","responseTime":1.592,"status":304,"timestamp":"Fri Nov 21 2025 16:33:59 GMT+0530 (India Standard Time)","url":"/styles.css"}
{"contentLength":"-","level":"info","message":"HTTP Access Log","method":"DELETE","responseTime":9.626,"status":204,"timestamp":"Fri Nov 21 2025 16:34:06 GMT+0530 (India Standard Time)","url":"/api/v1/0002"}
{"contentLength":"6746","level":"info","message":"HTTP Access Log","method":"GET","responseTime":10.622,"status":200,"timestamp":"Fri Nov 21 2025 16:34:06 GMT+0530 (India Standard Time)","url":"/links/list"}
{"contentLength":"-","level":"info","message":"HTTP Access Log","method":"GET","responseTime":0.626,"status":304,"timestamp":"Fri Nov 21 2025 16:34:06 GMT+0530 (India Standard Time)","url":"/styles.css"}
{"contentLength":"7256","level":"info","message":"HTTP Access Log","method":"GET","responseTime":133.654,"status":200,"timestamp":"Fri Nov 21 2025 16:34:23 GMT+0530 (India Standard Time)","url":"/links/list"}
{"contentLength":"-","level":"info","message":"HTTP Access Log","method":"GET","responseTime":1.356,"status":304,"timestamp":"Fri Nov 21 2025 16:34:23 GMT+0530 (India Standard Time)","url":"/styles.css"}
{"contentLength":"50","level":"info","message":"HTTP Access Log","method":"GET","responseTime":10.261,"status":302,"timestamp":"Fri Nov 21 2025 16:34:30 GMT+0530 (India Standard Time)","url":"/0002"}
{"contentLength":"7256","level":"info","message":"HTTP Access Log","method":"GET","responseTime":141.701,"status":200,"timestamp":"Fri Nov 21 2025 16:34:40 GMT+0530 (India Standard Time)","url":"/links/list"}
{"contentLength":"-","level":"info","message":"HTTP Access Log","method":"GET","responseTime":0.893,"status":304,"timestamp":"Fri Nov 21 2025 16:34:40 GMT+0530 (India Standard Time)","url":"/styles.css"}
{"contentLength":"-","level":"info","message":"HTTP Access Log","method":"GET","responseTime":2.273,"status":304,"timestamp":"Fri Nov 21 2025 16:34:44 GMT+0530 (India Standard Time)","url":"/"}
{"contentLength":"-","level":"info","message":"HTTP Access Log","method":"GET","responseTime":0.654,"status":304,"timestamp":"Fri Nov 21 2025 16:34:44 GMT+0530 (India Standard Time)","url":"/styles.css"}
{"contentLength":"-","level":"info","message":"HTTP Access Log","method":"GET","responseTime":25.86,"status":304,"timestamp":"Fri Nov 21 2025 17:11:36 GMT+0530 (India Standard Time)","url":"/"}
{"contentLength":"-","level":"info","message":"HTTP Access Log","method":"GET","responseTime":2.53,"status":304,"timestamp":"Fri Nov 21 2025 17:11:36 GMT+0530 (India Standard Time)","url":"/styles.css"}
{"contentLength":"-","level":"info","message":"HTTP Access Log","method":"GET","responseTime":421.877,"status":304,"timestamp":"Fri Nov 21 2025 17:11:38 GMT+0530 (India Standard Time)","url":"/links/list"}
{"contentLength":"-","level":"info","message":"HTTP Access Log","method":"GET","responseTime":2.901,"status":304,"timestamp":"Fri Nov 21 2025 17:11:38 GMT+0530 (India Standard Time)","url":"/styles.css"}
{"contentLength":"7256","level":"info","message":"HTTP Access Log","method":"GET","responseTime":154.767,"status":200,"timestamp":"Fri Nov 21 2025 17:12:02 GMT+0530 (India Standard Time)","url":"/links/list"}
{"contentLength":"-","level":"info","message":"HTTP Access Log","method":"GET","responseTime":1.008,"status":304,"timestamp":"Fri Nov 21 2025 17:12:02 GMT+0530 (India Standard Time)","url":"/styles.css"}
{"contentLength":"-","level":"info","message":"HTTP Access Log","method":"GET","responseTime":9.479,"status":304,"timestamp":"Fri Nov 21 2025 17:12:10 GMT+0530 (India Standard Time)","url":"/links/list"}
{"contentLength":"-","level":"info","message":"HTTP Access Log","method":"GET","responseTime":1.185,"status":304,"timestamp":"Fri Nov 21 2025 17:12:10 GMT+0530 (India Standard Time)","url":"/styles.css"}
{"contentLength":"7256","level":"info","message":"HTTP Access Log","method":"GET","responseTime":9.99,"status":200,"timestamp":"Fri Nov 21 2025 17:12:20 GMT+0530 (India Standard Time)","url":"/links/list"}
{"contentLength":"-","level":"info","message":"HTTP Access Log","method":"GET","responseTime":0.713,"status":304,"timestamp":"Fri Nov 21 2025 17:12:20 GMT+0530 (India Standard Time)","url":"/styles.css"}
{"contentLength":"-","level":"info","message":"HTTP Access Log","method":"GET","responseTime":6.555,"status":304,"timestamp":"Fri Nov 21 2025 17:12:27 GMT+0530 (India Standard Time)","url":"/"}
{"contentLength":"-","level":"info","message":"HTTP Access Log","method":"GET","responseTime":1.235,"status":304,"timestamp":"Fri Nov 21 2025 17:12:27 GMT+0530 (India Standard Time)","url":"/styles.css"}
{"contentLength":"133","level":"info","message":"HTTP Access Log","method":"POST","responseTime":187.349,"status":201,"timestamp":"Fri Nov 21 2025 17:13:13 GMT+0530 (India Standard Time)","url":"/api/v1"}
{"contentLength":"43","level":"info","message":"HTTP Access Log","method":"GET","responseTime":445.222,"status":302,"timestamp":"Fri Nov 21 2025 17:13:17 GMT+0530 (India Standard Time)","url":"/11111"}
{"contentLength":"9","level":"info","message":"HTTP Access Log","method":"GET","responseTime":12.362,"status":404,"timestamp":"Fri Nov 21 2025 17:13:17 GMT+0530 (India Standard Time)","url":"/www.google.com"}
{"contentLength":"7756","level":"info","message":"HTTP Access Log","method":"GET","responseTime":36.173,"status":200,"timestamp":"Fri Nov 21 2025 17:13:21 GMT+0530 (India Standard Time)","url":"/links/list"}
{"contentLength":"-","level":"info","message":"HTTP Access Log","method":"GET","responseTime":1.954,"status":304,"timestamp":"Fri Nov 21 2025 17:13:21 GMT+0530 (India Standard Time)","url":"/styles.css"}
{"contentLength":"43","level":"info","message":"HTTP Access Log","method":"GET","responseTime":52.594,"status":302,"timestamp":"Fri Nov 21 2025 17:13:26 GMT+0530 (India Standard Time)","url":"/11111"}
{"contentLength":"9","level":"info","message":"HTTP Access Log","method":"GET","responseTime":5.142,"status":404,"timestamp":"Fri Nov 21 2025 17:13:26 GMT+0530 (India Standard Time)","url":"/www.google.com"}
{"contentLength":"7756","level":"info","message":"HTTP Access Log","method":"GET","responseTime":13.594,"status":200,"timestamp":"Fri Nov 21 2025 17:13:32 GMT+0530 (India Standard Time)","url":"/links/list"}
{"contentLength":"-","level":"info","message":"HTTP Access Log","method":"GET","responseTime":1.1,"status":304,"timestamp":"Fri Nov 21 2025 17:13:32 GMT+0530 (India Standard Time)","url":"/styles.css"}
{"contentLength":"-","level":"info","message":"HTTP Access Log","method":"DELETE","responseTime":19.868,"status":204,"timestamp":"Fri Nov 21 2025 17:13:41 GMT+0530 (India Standard Time)","url":"/api/v1/11111"}
{"contentLength":"7256","level":"info","message":"HTTP Access Log","method":"GET","responseTime":9.299,"status":200,"timestamp":"Fri Nov 21 2025 17:13:41 GMT+0530 (India Standard Time)","url":"/links/list"}
{"contentLength":"-","level":"info","message":"HTTP Access Log","method":"GET","responseTime":0.936,"status":304,"timestamp":"Fri Nov 21 2025 17:13:41 GMT+0530 (India Standard Time)","url":"/styles.css"}
{"contentLength":"-","level":"info","message":"HTTP Access Log","method":"GET","responseTime":9.128,"status":304,"timestamp":"Fri Nov 21 2025 17:13:45 GMT+0530 (India Standard Time)","url":"/"}
{"contentLength":"-","level":"info","message":"HTTP Access Log","method":"GET","responseTime":1.256,"status":304,"timestamp":"Fri Nov 21 2025 17:13:45 GMT+0530 (India Standard Time)","url":"/styles.css"}
{"contentLength":"-","level":"info","message":"HTTP Access Log","method":"GET","responseTime":11.989,"status":304,"timestamp":"Fri Nov 21 2025 17:13:51 GMT+0530 (India Standard Time)","url":"/links/list"}
{"contentLength":"-","level":"info","message":"HTTP Access Log","method":"GET","responseTime":0.874,"status":304,"timestamp":"Fri Nov 21 2025 17:13:51 GMT+0530 (India Standard Time)","url":"/styles.css"}
{"contentLength":"-","level":"info","message":"HTTP Access Log","method":"GET","responseTime":4.079,"status":304,"timestamp":"Fri Nov 21 2025 17:14:29 GMT+0530 (India Standard Time)","url":"/"}
{"contentLength":"-","level":"info","message":"HTTP Access Log","method":"GET","responseTime":0.843,"status":304,"timestamp":"Fri Nov 21 2025 17:14:29 GMT+0530 (India Standard Time)","url":"/styles.css"}
